<?xml version="1.0" encoding="UTF-8"?>
<!-- Generated by org.testng.reporters.JUnitReportReporter -->
<testsuite hostname="LAPTOP-01G4TDA7" name="listBoxes.DropdownDemo" tests="1" failures="0" timestamp="12 Apr 2022 04:50:26 GMT" time="9.384" errors="0">
  <testcase name="ListBoxes" time="9.384" classname="listBoxes.DropdownDemo"/>
</testsuite> <!-- listBoxes.DropdownDemo -->
