<?xml version="1.0" encoding="UTF-8"?>
<!-- Generated by org.testng.reporters.JUnitReportReporter -->
<testsuite hostname="LAPTOP-01G4TDA7" name="listBoxes.Exercise2" tests="1" failures="0" timestamp="12 Apr 2022 05:15:38 GMT" time="4.420" errors="0">
  <testcase name="abc" time="4.420" classname="listBoxes.Exercise2"/>
</testsuite> <!-- listBoxes.Exercise2 -->
